

Started GET "/" for ::1 at 2016-09-27 15:46:19 -0700
Processing by Rails::WelcomeController#index as HTML
  Rendered /Users/nurl/.rvm/gems/ruby-2.3.0@rails_gemset/gems/railties-4.2.7/lib/rails/templates/rails/welcome/index.html.erb (2.0ms)
Completed 200 OK in 17ms (Views: 10.1ms | ActiveRecord: 0.0ms)


Started GET "/" for ::1 at 2016-09-27 15:54:36 -0700
Processing by Rails::WelcomeController#index as HTML
  Rendered /Users/nurl/.rvm/gems/ruby-2.3.0@rails_gemset/gems/railties-4.2.7/lib/rails/templates/rails/welcome/index.html.erb (0.1ms)
Completed 200 OK in 3ms (Views: 2.3ms | ActiveRecord: 0.0ms)


Started GET "/" for ::1 at 2016-09-27 16:02:00 -0700
Processing by Rails::WelcomeController#index as HTML
  Rendered /Users/nurl/.rvm/gems/ruby-2.3.0@rails_gemset/gems/railties-4.2.7/lib/rails/templates/rails/welcome/index.html.erb (0.1ms)
Completed 200 OK in 2ms (Views: 1.8ms | ActiveRecord: 0.0ms)


Started GET "/" for ::1 at 2016-09-27 16:02:09 -0700
Processing by Rails::WelcomeController#index as HTML
  Rendered /Users/nurl/.rvm/gems/ruby-2.3.0@rails_gemset/gems/railties-4.2.7/lib/rails/templates/rails/welcome/index.html.erb (0.1ms)
Completed 200 OK in 3ms (Views: 2.7ms | ActiveRecord: 0.0ms)


Started GET "/" for ::1 at 2016-09-27 16:02:31 -0700

ArgumentError (Missing :controller key on routes definition, please check your routes.):
  config/routes.rb:2:in `block in <top (required)>'
  config/routes.rb:1:in `<top (required)>'


  Rendered /Users/nurl/.rvm/gems/ruby-2.3.0@rails_gemset/gems/actionpack-4.2.7/lib/action_dispatch/middleware/templates/rescues/_source.erb (7.6ms)
  Rendered /Users/nurl/.rvm/gems/ruby-2.3.0@rails_gemset/gems/actionpack-4.2.7/lib/action_dispatch/middleware/templates/rescues/_trace.html.erb (4.5ms)
  Rendered /Users/nurl/.rvm/gems/ruby-2.3.0@rails_gemset/gems/actionpack-4.2.7/lib/action_dispatch/middleware/templates/rescues/_request_and_response.html.erb (0.7ms)
  Rendered /Users/nurl/.rvm/gems/ruby-2.3.0@rails_gemset/gems/actionpack-4.2.7/lib/action_dispatch/middleware/templates/rescues/diagnostics.html.erb within rescues/layout (78.0ms)
  Rendered /Users/nurl/.rvm/gems/ruby-2.3.0@rails_gemset/gems/web-console-2.3.0/lib/web_console/templates/_markup.html.erb (0.4ms)
  Rendered /Users/nurl/.rvm/gems/ruby-2.3.0@rails_gemset/gems/web-console-2.3.0/lib/web_console/templates/_inner_console_markup.html.erb within layouts/inlined_string (0.3ms)
  Rendered /Users/nurl/.rvm/gems/ruby-2.3.0@rails_gemset/gems/web-console-2.3.0/lib/web_console/templates/_prompt_box_markup.html.erb within layouts/inlined_string (0.2ms)
  Rendered /Users/nurl/.rvm/gems/ruby-2.3.0@rails_gemset/gems/web-console-2.3.0/lib/web_console/templates/style.css.erb within layouts/inlined_string (0.3ms)
  Rendered /Users/nurl/.rvm/gems/ruby-2.3.0@rails_gemset/gems/web-console-2.3.0/lib/web_console/templates/console.js.erb within layouts/javascript (43.3ms)
  Rendered /Users/nurl/.rvm/gems/ruby-2.3.0@rails_gemset/gems/web-console-2.3.0/lib/web_console/templates/main.js.erb within layouts/javascript (0.3ms)
  Rendered /Users/nurl/.rvm/gems/ruby-2.3.0@rails_gemset/gems/web-console-2.3.0/lib/web_console/templates/error_page.js.erb within layouts/javascript (0.3ms)
  Rendered /Users/nurl/.rvm/gems/ruby-2.3.0@rails_gemset/gems/web-console-2.3.0/lib/web_console/templates/index.html.erb (96.2ms)


Started GET "/" for ::1 at 2016-09-27 16:02:57 -0700

ArgumentError (Missing :controller key on routes definition, please check your routes.):
  config/routes.rb:2:in `block in <top (required)>'
  config/routes.rb:1:in `<top (required)>'


  Rendered /Users/nurl/.rvm/gems/ruby-2.3.0@rails_gemset/gems/actionpack-4.2.7/lib/action_dispatch/middleware/templates/rescues/_source.erb (3.8ms)
  Rendered /Users/nurl/.rvm/gems/ruby-2.3.0@rails_gemset/gems/actionpack-4.2.7/lib/action_dispatch/middleware/templates/rescues/_trace.html.erb (2.3ms)
  Rendered /Users/nurl/.rvm/gems/ruby-2.3.0@rails_gemset/gems/actionpack-4.2.7/lib/action_dispatch/middleware/templates/rescues/_request_and_response.html.erb (0.8ms)
  Rendered /Users/nurl/.rvm/gems/ruby-2.3.0@rails_gemset/gems/actionpack-4.2.7/lib/action_dispatch/middleware/templates/rescues/diagnostics.html.erb within rescues/layout (49.4ms)
  Rendered /Users/nurl/.rvm/gems/ruby-2.3.0@rails_gemset/gems/web-console-2.3.0/lib/web_console/templates/_markup.html.erb (0.4ms)
  Rendered /Users/nurl/.rvm/gems/ruby-2.3.0@rails_gemset/gems/web-console-2.3.0/lib/web_console/templates/_inner_console_markup.html.erb within layouts/inlined_string (0.3ms)
  Rendered /Users/nurl/.rvm/gems/ruby-2.3.0@rails_gemset/gems/web-console-2.3.0/lib/web_console/templates/_prompt_box_markup.html.erb within layouts/inlined_string (0.3ms)
  Rendered /Users/nurl/.rvm/gems/ruby-2.3.0@rails_gemset/gems/web-console-2.3.0/lib/web_console/templates/style.css.erb within layouts/inlined_string (0.3ms)
  Rendered /Users/nurl/.rvm/gems/ruby-2.3.0@rails_gemset/gems/web-console-2.3.0/lib/web_console/templates/console.js.erb within layouts/javascript (41.4ms)
  Rendered /Users/nurl/.rvm/gems/ruby-2.3.0@rails_gemset/gems/web-console-2.3.0/lib/web_console/templates/main.js.erb within layouts/javascript (0.3ms)
  Rendered /Users/nurl/.rvm/gems/ruby-2.3.0@rails_gemset/gems/web-console-2.3.0/lib/web_console/templates/error_page.js.erb within layouts/javascript (0.5ms)
  Rendered /Users/nurl/.rvm/gems/ruby-2.3.0@rails_gemset/gems/web-console-2.3.0/lib/web_console/templates/index.html.erb (89.6ms)


Started GET "/tasks" for ::1 at 2016-09-27 16:03:27 -0700

ActionController::RoutingError (No route matches [GET] "/tasks"):
  actionpack (4.2.7) lib/action_dispatch/middleware/debug_exceptions.rb:21:in `call'
  web-console (2.3.0) lib/web_console/middleware.rb:28:in `block in call'
  web-console (2.3.0) lib/web_console/middleware.rb:18:in `catch'
  web-console (2.3.0) lib/web_console/middleware.rb:18:in `call'
  actionpack (4.2.7) lib/action_dispatch/middleware/show_exceptions.rb:30:in `call'
  railties (4.2.7) lib/rails/rack/logger.rb:38:in `call_app'
  railties (4.2.7) lib/rails/rack/logger.rb:20:in `block in call'
  activesupport (4.2.7) lib/active_support/tagged_logging.rb:68:in `block in tagged'
  activesupport (4.2.7) lib/active_support/tagged_logging.rb:26:in `tagged'
  activesupport (4.2.7) lib/active_support/tagged_logging.rb:68:in `tagged'
  railties (4.2.7) lib/rails/rack/logger.rb:20:in `call'
  actionpack (4.2.7) lib/action_dispatch/middleware/request_id.rb:21:in `call'
  rack (1.6.4) lib/rack/methodoverride.rb:22:in `call'
  rack (1.6.4) lib/rack/runtime.rb:18:in `call'
  activesupport (4.2.7) lib/active_support/cache/strategy/local_cache_middleware.rb:28:in `call'
  rack (1.6.4) lib/rack/lock.rb:17:in `call'
  actionpack (4.2.7) lib/action_dispatch/middleware/static.rb:120:in `call'
  rack (1.6.4) lib/rack/sendfile.rb:113:in `call'
  railties (4.2.7) lib/rails/engine.rb:518:in `call'
  railties (4.2.7) lib/rails/application.rb:165:in `call'
  rack (1.6.4) lib/rack/lock.rb:17:in `call'
  rack (1.6.4) lib/rack/content_length.rb:15:in `call'
  rack (1.6.4) lib/rack/handler/webrick.rb:88:in `service'
  /Users/nurl/.rvm/rubies/ruby-2.3.0/lib/ruby/2.3.0/webrick/httpserver.rb:140:in `service'
  /Users/nurl/.rvm/rubies/ruby-2.3.0/lib/ruby/2.3.0/webrick/httpserver.rb:96:in `run'
  /Users/nurl/.rvm/rubies/ruby-2.3.0/lib/ruby/2.3.0/webrick/server.rb:296:in `block in start_thread'


  Rendered /Users/nurl/.rvm/gems/ruby-2.3.0@rails_gemset/gems/actionpack-4.2.7/lib/action_dispatch/middleware/templates/rescues/_trace.html.erb (1.1ms)
  Rendered /Users/nurl/.rvm/gems/ruby-2.3.0@rails_gemset/gems/actionpack-4.2.7/lib/action_dispatch/middleware/templates/routes/_table.html.erb (5.9ms)
  Rendered /Users/nurl/.rvm/gems/ruby-2.3.0@rails_gemset/gems/actionpack-4.2.7/lib/action_dispatch/middleware/templates/rescues/_request_and_response.html.erb (1.4ms)
  Rendered /Users/nurl/.rvm/gems/ruby-2.3.0@rails_gemset/gems/actionpack-4.2.7/lib/action_dispatch/middleware/templates/rescues/routing_error.html.erb within rescues/layout (48.4ms)
  Rendered /Users/nurl/.rvm/gems/ruby-2.3.0@rails_gemset/gems/web-console-2.3.0/lib/web_console/templates/_markup.html.erb (0.3ms)
  Rendered /Users/nurl/.rvm/gems/ruby-2.3.0@rails_gemset/gems/web-console-2.3.0/lib/web_console/templates/_inner_console_markup.html.erb within layouts/inlined_string (0.3ms)
  Rendered /Users/nurl/.rvm/gems/ruby-2.3.0@rails_gemset/gems/web-console-2.3.0/lib/web_console/templates/_prompt_box_markup.html.erb within layouts/inlined_string (0.5ms)
  Rendered /Users/nurl/.rvm/gems/ruby-2.3.0@rails_gemset/gems/web-console-2.3.0/lib/web_console/templates/style.css.erb within layouts/inlined_string (0.4ms)
  Rendered /Users/nurl/.rvm/gems/ruby-2.3.0@rails_gemset/gems/web-console-2.3.0/lib/web_console/templates/console.js.erb within layouts/javascript (49.0ms)
  Rendered /Users/nurl/.rvm/gems/ruby-2.3.0@rails_gemset/gems/web-console-2.3.0/lib/web_console/templates/main.js.erb within layouts/javascript (0.4ms)
  Rendered /Users/nurl/.rvm/gems/ruby-2.3.0@rails_gemset/gems/web-console-2.3.0/lib/web_console/templates/error_page.js.erb within layouts/javascript (0.4ms)
  Rendered /Users/nurl/.rvm/gems/ruby-2.3.0@rails_gemset/gems/web-console-2.3.0/lib/web_console/templates/index.html.erb (110.3ms)


Started GET "/tasks" for ::1 at 2016-09-27 16:05:21 -0700

SyntaxError (/Users/nurl/ada/homework/rails/TaskListRails/app/controllers/tasks_controller.rb:9: syntax error, unexpected end-of-input):
  app/controllers/tasks_controller.rb:9: syntax error, unexpected end-of-input


  Rendered /Users/nurl/.rvm/gems/ruby-2.3.0@rails_gemset/gems/actionpack-4.2.7/lib/action_dispatch/middleware/templates/rescues/_source.erb (3.2ms)
  Rendered /Users/nurl/.rvm/gems/ruby-2.3.0@rails_gemset/gems/actionpack-4.2.7/lib/action_dispatch/middleware/templates/rescues/_trace.html.erb (1.4ms)
  Rendered /Users/nurl/.rvm/gems/ruby-2.3.0@rails_gemset/gems/actionpack-4.2.7/lib/action_dispatch/middleware/templates/rescues/_request_and_response.html.erb (0.8ms)
  Rendered /Users/nurl/.rvm/gems/ruby-2.3.0@rails_gemset/gems/actionpack-4.2.7/lib/action_dispatch/middleware/templates/rescues/diagnostics.html.erb within rescues/layout (45.0ms)
  Rendered /Users/nurl/.rvm/gems/ruby-2.3.0@rails_gemset/gems/web-console-2.3.0/lib/web_console/templates/_markup.html.erb (0.5ms)
  Rendered /Users/nurl/.rvm/gems/ruby-2.3.0@rails_gemset/gems/web-console-2.3.0/lib/web_console/templates/_inner_console_markup.html.erb within layouts/inlined_string (0.4ms)
  Rendered /Users/nurl/.rvm/gems/ruby-2.3.0@rails_gemset/gems/web-console-2.3.0/lib/web_console/templates/_prompt_box_markup.html.erb within layouts/inlined_string (0.2ms)
  Rendered /Users/nurl/.rvm/gems/ruby-2.3.0@rails_gemset/gems/web-console-2.3.0/lib/web_console/templates/style.css.erb within layouts/inlined_string (0.3ms)
  Rendered /Users/nurl/.rvm/gems/ruby-2.3.0@rails_gemset/gems/web-console-2.3.0/lib/web_console/templates/console.js.erb within layouts/javascript (45.6ms)
  Rendered /Users/nurl/.rvm/gems/ruby-2.3.0@rails_gemset/gems/web-console-2.3.0/lib/web_console/templates/main.js.erb within layouts/javascript (0.5ms)
  Rendered /Users/nurl/.rvm/gems/ruby-2.3.0@rails_gemset/gems/web-console-2.3.0/lib/web_console/templates/error_page.js.erb within layouts/javascript (0.4ms)
  Rendered /Users/nurl/.rvm/gems/ruby-2.3.0@rails_gemset/gems/web-console-2.3.0/lib/web_console/templates/index.html.erb (102.6ms)


Started GET "/tasks" for ::1 at 2016-09-27 16:06:50 -0700
Processing by TasksController#index as HTML
Completed 500 Internal Server Error in 4ms (ActiveRecord: 0.0ms)

ActionView::MissingTemplate (Missing template tasks/index, application/index with {:locale=>[:en], :formats=>[:html], :variants=>[], :handlers=>[:erb, :builder, :raw, :ruby, :coffee, :jbuilder]}. Searched in:
  * "/Users/nurl/ada/homework/rails/TaskListRails/app/views"
):
  actionview (4.2.7) lib/action_view/path_set.rb:46:in `find'
  actionview (4.2.7) lib/action_view/lookup_context.rb:121:in `find'
  actionview (4.2.7) lib/action_view/renderer/abstract_renderer.rb:18:in `find_template'
  actionview (4.2.7) lib/action_view/renderer/template_renderer.rb:40:in `determine_template'
  actionview (4.2.7) lib/action_view/renderer/template_renderer.rb:8:in `render'
  actionview (4.2.7) lib/action_view/renderer/renderer.rb:46:in `render_template'
  actionview (4.2.7) lib/action_view/renderer/renderer.rb:27:in `render'
  actionview (4.2.7) lib/action_view/rendering.rb:100:in `_render_template'
  actionpack (4.2.7) lib/action_controller/metal/streaming.rb:217:in `_render_template'
  actionview (4.2.7) lib/action_view/rendering.rb:83:in `render_to_body'
  actionpack (4.2.7) lib/action_controller/metal/rendering.rb:32:in `render_to_body'
  actionpack (4.2.7) lib/action_controller/metal/renderers.rb:37:in `render_to_body'
  actionpack (4.2.7) lib/abstract_controller/rendering.rb:25:in `render'
  actionpack (4.2.7) lib/action_controller/metal/rendering.rb:16:in `render'
  actionpack (4.2.7) lib/action_controller/metal/instrumentation.rb:44:in `block (2 levels) in render'
  activesupport (4.2.7) lib/active_support/core_ext/benchmark.rb:12:in `block in ms'
  /Users/nurl/.rvm/rubies/ruby-2.3.0/lib/ruby/2.3.0/benchmark.rb:308:in `realtime'
  activesupport (4.2.7) lib/active_support/core_ext/benchmark.rb:12:in `ms'
  actionpack (4.2.7) lib/action_controller/metal/instrumentation.rb:44:in `block in render'
  actionpack (4.2.7) lib/action_controller/metal/instrumentation.rb:87:in `cleanup_view_runtime'
  activerecord (4.2.7) lib/active_record/railties/controller_runtime.rb:25:in `cleanup_view_runtime'
  actionpack (4.2.7) lib/action_controller/metal/instrumentation.rb:43:in `render'
  actionpack (4.2.7) lib/action_controller/metal/implicit_render.rb:10:in `default_render'
  actionpack (4.2.7) lib/action_controller/metal/implicit_render.rb:5:in `send_action'
  actionpack (4.2.7) lib/abstract_controller/base.rb:198:in `process_action'
  actionpack (4.2.7) lib/action_controller/metal/rendering.rb:10:in `process_action'
  actionpack (4.2.7) lib/abstract_controller/callbacks.rb:20:in `block in process_action'
  activesupport (4.2.7) lib/active_support/callbacks.rb:117:in `call'
  activesupport (4.2.7) lib/active_support/callbacks.rb:555:in `block (2 levels) in compile'
  activesupport (4.2.7) lib/active_support/callbacks.rb:505:in `call'
  activesupport (4.2.7) lib/active_support/callbacks.rb:92:in `__run_callbacks__'
  activesupport (4.2.7) lib/active_support/callbacks.rb:778:in `_run_process_action_callbacks'
  activesupport (4.2.7) lib/active_support/callbacks.rb:81:in `run_callbacks'
  actionpack (4.2.7) lib/abstract_controller/callbacks.rb:19:in `process_action'
  actionpack (4.2.7) lib/action_controller/metal/rescue.rb:29:in `process_action'
  actionpack (4.2.7) lib/action_controller/metal/instrumentation.rb:32:in `block in process_action'
  activesupport (4.2.7) lib/active_support/notifications.rb:164:in `block in instrument'
  activesupport (4.2.7) lib/active_support/notifications/instrumenter.rb:20:in `instrument'
  activesupport (4.2.7) lib/active_support/notifications.rb:164:in `instrument'
  actionpack (4.2.7) lib/action_controller/metal/instrumentation.rb:30:in `process_action'
  actionpack (4.2.7) lib/action_controller/metal/params_wrapper.rb:250:in `process_action'
  activerecord (4.2.7) lib/active_record/railties/controller_runtime.rb:18:in `process_action'
  actionpack (4.2.7) lib/abstract_controller/base.rb:137:in `process'
  actionview (4.2.7) lib/action_view/rendering.rb:30:in `process'
  actionpack (4.2.7) lib/action_controller/metal.rb:196:in `dispatch'
  actionpack (4.2.7) lib/action_controller/metal/rack_delegation.rb:13:in `dispatch'
  actionpack (4.2.7) lib/action_controller/metal.rb:237:in `block in action'
  actionpack (4.2.7) lib/action_dispatch/routing/route_set.rb:74:in `dispatch'
  actionpack (4.2.7) lib/action_dispatch/routing/route_set.rb:43:in `serve'
  actionpack (4.2.7) lib/action_dispatch/journey/router.rb:43:in `block in serve'
  actionpack (4.2.7) lib/action_dispatch/journey/router.rb:30:in `each'
  actionpack (4.2.7) lib/action_dispatch/journey/router.rb:30:in `serve'
  actionpack (4.2.7) lib/action_dispatch/routing/route_set.rb:817:in `call'
  rack (1.6.4) lib/rack/etag.rb:24:in `call'
  rack (1.6.4) lib/rack/conditionalget.rb:25:in `call'
  rack (1.6.4) lib/rack/head.rb:13:in `call'
  actionpack (4.2.7) lib/action_dispatch/middleware/params_parser.rb:27:in `call'
  actionpack (4.2.7) lib/action_dispatch/middleware/flash.rb:260:in `call'
  rack (1.6.4) lib/rack/session/abstract/id.rb:225:in `context'
  rack (1.6.4) lib/rack/session/abstract/id.rb:220:in `call'
  actionpack (4.2.7) lib/action_dispatch/middleware/cookies.rb:560:in `call'
  activerecord (4.2.7) lib/active_record/query_cache.rb:36:in `call'
  activerecord (4.2.7) lib/active_record/connection_adapters/abstract/connection_pool.rb:653:in `call'
  activerecord (4.2.7) lib/active_record/migration.rb:377:in `call'
  actionpack (4.2.7) lib/action_dispatch/middleware/callbacks.rb:29:in `block in call'
  activesupport (4.2.7) lib/active_support/callbacks.rb:88:in `__run_callbacks__'
  activesupport (4.2.7) lib/active_support/callbacks.rb:778:in `_run_call_callbacks'
  activesupport (4.2.7) lib/active_support/callbacks.rb:81:in `run_callbacks'
  actionpack (4.2.7) lib/action_dispatch/middleware/callbacks.rb:27:in `call'
  actionpack (4.2.7) lib/action_dispatch/middleware/reloader.rb:73:in `call'
  actionpack (4.2.7) lib/action_dispatch/middleware/remote_ip.rb:78:in `call'
  actionpack (4.2.7) lib/action_dispatch/middleware/debug_exceptions.rb:17:in `call'
  web-console (2.3.0) lib/web_console/middleware.rb:28:in `block in call'
  web-console (2.3.0) lib/web_console/middleware.rb:18:in `catch'
  web-console (2.3.0) lib/web_console/middleware.rb:18:in `call'
  actionpack (4.2.7) lib/action_dispatch/middleware/show_exceptions.rb:30:in `call'
  railties (4.2.7) lib/rails/rack/logger.rb:38:in `call_app'
  railties (4.2.7) lib/rails/rack/logger.rb:20:in `block in call'
  activesupport (4.2.7) lib/active_support/tagged_logging.rb:68:in `block in tagged'
  activesupport (4.2.7) lib/active_support/tagged_logging.rb:26:in `tagged'
  activesupport (4.2.7) lib/active_support/tagged_logging.rb:68:in `tagged'
  railties (4.2.7) lib/rails/rack/logger.rb:20:in `call'
  actionpack (4.2.7) lib/action_dispatch/middleware/request_id.rb:21:in `call'
  rack (1.6.4) lib/rack/methodoverride.rb:22:in `call'
  rack (1.6.4) lib/rack/runtime.rb:18:in `call'
  activesupport (4.2.7) lib/active_support/cache/strategy/local_cache_middleware.rb:28:in `call'
  rack (1.6.4) lib/rack/lock.rb:17:in `call'
  actionpack (4.2.7) lib/action_dispatch/middleware/static.rb:120:in `call'
  rack (1.6.4) lib/rack/sendfile.rb:113:in `call'
  railties (4.2.7) lib/rails/engine.rb:518:in `call'
  railties (4.2.7) lib/rails/application.rb:165:in `call'
  rack (1.6.4) lib/rack/lock.rb:17:in `call'
  rack (1.6.4) lib/rack/content_length.rb:15:in `call'
  rack (1.6.4) lib/rack/handler/webrick.rb:88:in `service'
  /Users/nurl/.rvm/rubies/ruby-2.3.0/lib/ruby/2.3.0/webrick/httpserver.rb:140:in `service'
  /Users/nurl/.rvm/rubies/ruby-2.3.0/lib/ruby/2.3.0/webrick/httpserver.rb:96:in `run'
  /Users/nurl/.rvm/rubies/ruby-2.3.0/lib/ruby/2.3.0/webrick/server.rb:296:in `block in start_thread'


  Rendered /Users/nurl/.rvm/gems/ruby-2.3.0@rails_gemset/gems/actionpack-4.2.7/lib/action_dispatch/middleware/templates/rescues/_source.erb (4.2ms)
  Rendered /Users/nurl/.rvm/gems/ruby-2.3.0@rails_gemset/gems/actionpack-4.2.7/lib/action_dispatch/middleware/templates/rescues/_trace.html.erb (2.2ms)
  Rendered /Users/nurl/.rvm/gems/ruby-2.3.0@rails_gemset/gems/actionpack-4.2.7/lib/action_dispatch/middleware/templates/rescues/_request_and_response.html.erb (0.7ms)
  Rendered /Users/nurl/.rvm/gems/ruby-2.3.0@rails_gemset/gems/actionpack-4.2.7/lib/action_dispatch/middleware/templates/rescues/missing_template.html.erb within rescues/layout (45.1ms)
  Rendered /Users/nurl/.rvm/gems/ruby-2.3.0@rails_gemset/gems/web-console-2.3.0/lib/web_console/templates/_markup.html.erb (0.3ms)
  Rendered /Users/nurl/.rvm/gems/ruby-2.3.0@rails_gemset/gems/web-console-2.3.0/lib/web_console/templates/_inner_console_markup.html.erb within layouts/inlined_string (0.2ms)
  Rendered /Users/nurl/.rvm/gems/ruby-2.3.0@rails_gemset/gems/web-console-2.3.0/lib/web_console/templates/_prompt_box_markup.html.erb within layouts/inlined_string (0.2ms)
  Rendered /Users/nurl/.rvm/gems/ruby-2.3.0@rails_gemset/gems/web-console-2.3.0/lib/web_console/templates/style.css.erb within layouts/inlined_string (0.2ms)
  Rendered /Users/nurl/.rvm/gems/ruby-2.3.0@rails_gemset/gems/web-console-2.3.0/lib/web_console/templates/console.js.erb within layouts/javascript (38.3ms)
  Rendered /Users/nurl/.rvm/gems/ruby-2.3.0@rails_gemset/gems/web-console-2.3.0/lib/web_console/templates/main.js.erb within layouts/javascript (0.4ms)
  Rendered /Users/nurl/.rvm/gems/ruby-2.3.0@rails_gemset/gems/web-console-2.3.0/lib/web_console/templates/error_page.js.erb within layouts/javascript (0.7ms)
  Rendered /Users/nurl/.rvm/gems/ruby-2.3.0@rails_gemset/gems/web-console-2.3.0/lib/web_console/templates/index.html.erb (90.5ms)


Started GET "/tasks" for ::1 at 2016-09-27 16:09:16 -0700
Processing by TasksController#index as HTML
  Rendered tasks/index.html.erb within layouts/application (0.2ms)
Completed 200 OK in 484ms (Views: 483.1ms | ActiveRecord: 0.0ms)


Started GET "/assets/tasks.self-e3b0c44298fc1c149afbf4c8996fb92427ae41e4649b934ca495991b7852b855.css?body=1" for ::1 at 2016-09-27 16:09:16 -0700


Started GET "/assets/application.self-e80e8f2318043e8af94dddc2adad5a4f09739a8ebb323b3ab31cd71d45fd9113.css?body=1" for ::1 at 2016-09-27 16:09:16 -0700


Started GET "/assets/jquery_ujs.self-784a997f6726036b1993eb2217c9cb558e1cbb801c6da88105588c56f13b466a.js?body=1" for ::1 at 2016-09-27 16:09:16 -0700


Started GET "/assets/application.self-3b8dabdc891efe46b9a144b400ad69e37d7e5876bdc39dee783419a69d7ca819.js?body=1" for ::1 at 2016-09-27 16:09:16 -0700


Started GET "/assets/tasks.self-877aef30ae1b040ab8a3aba4e3e309a11d7f2612f44dde450b5c157aa5f95c05.js?body=1" for ::1 at 2016-09-27 16:09:16 -0700


Started GET "/assets/turbolinks.self-c5acd7a204f5f25ce7a1d8a0e4d92e28d34c9e2df2c7371cd7af88e147e4ad82.js?body=1" for ::1 at 2016-09-27 16:09:16 -0700


Started GET "/assets/jquery.self-bd7ddd393353a8d2480a622e80342adf488fb6006d667e8b42e4c0073393abee.js?body=1" for ::1 at 2016-09-27 16:09:16 -0700


Started GET "/tasks" for ::1 at 2016-09-27 16:10:51 -0700
Processing by TasksController#index as HTML
  Rendered tasks/index.html.erb within layouts/application (0.1ms)
Completed 200 OK in 22ms (Views: 20.8ms | ActiveRecord: 0.0ms)


Started GET "/assets/tasks.self-e3b0c44298fc1c149afbf4c8996fb92427ae41e4649b934ca495991b7852b855.css?body=1" for ::1 at 2016-09-27 16:10:51 -0700


Started GET "/assets/application.self-e80e8f2318043e8af94dddc2adad5a4f09739a8ebb323b3ab31cd71d45fd9113.css?body=1" for ::1 at 2016-09-27 16:10:51 -0700


Started GET "/assets/jquery_ujs.self-784a997f6726036b1993eb2217c9cb558e1cbb801c6da88105588c56f13b466a.js?body=1" for ::1 at 2016-09-27 16:10:51 -0700


Started GET "/assets/turbolinks.self-c5acd7a204f5f25ce7a1d8a0e4d92e28d34c9e2df2c7371cd7af88e147e4ad82.js?body=1" for ::1 at 2016-09-27 16:10:51 -0700


Started GET "/assets/tasks.self-877aef30ae1b040ab8a3aba4e3e309a11d7f2612f44dde450b5c157aa5f95c05.js?body=1" for ::1 at 2016-09-27 16:10:51 -0700


Started GET "/assets/application.self-3b8dabdc891efe46b9a144b400ad69e37d7e5876bdc39dee783419a69d7ca819.js?body=1" for ::1 at 2016-09-27 16:10:51 -0700


Started GET "/assets/jquery.self-bd7ddd393353a8d2480a622e80342adf488fb6006d667e8b42e4c0073393abee.js?body=1" for ::1 at 2016-09-27 16:10:51 -0700


Started GET "/tasks/new" for ::1 at 2016-09-27 16:18:11 -0700
Processing by TasksController#new as HTML
  Rendered tasks/new.html.erb within layouts/application (0.4ms)
Completed 200 OK in 12ms (Views: 11.9ms | ActiveRecord: 0.0ms)


Started POST "/tasks/index.html" for ::1 at 2016-09-27 16:18:41 -0700

ActionController::RoutingError (No route matches [POST] "/tasks/index.html"):
  actionpack (4.2.7) lib/action_dispatch/middleware/debug_exceptions.rb:21:in `call'
  web-console (2.3.0) lib/web_console/middleware.rb:28:in `block in call'
  web-console (2.3.0) lib/web_console/middleware.rb:18:in `catch'
  web-console (2.3.0) lib/web_console/middleware.rb:18:in `call'
  actionpack (4.2.7) lib/action_dispatch/middleware/show_exceptions.rb:30:in `call'
  railties (4.2.7) lib/rails/rack/logger.rb:38:in `call_app'
  railties (4.2.7) lib/rails/rack/logger.rb:20:in `block in call'
  activesupport (4.2.7) lib/active_support/tagged_logging.rb:68:in `block in tagged'
  activesupport (4.2.7) lib/active_support/tagged_logging.rb:26:in `tagged'
  activesupport (4.2.7) lib/active_support/tagged_logging.rb:68:in `tagged'
  railties (4.2.7) lib/rails/rack/logger.rb:20:in `call'
  actionpack (4.2.7) lib/action_dispatch/middleware/request_id.rb:21:in `call'
  rack (1.6.4) lib/rack/methodoverride.rb:22:in `call'
  rack (1.6.4) lib/rack/runtime.rb:18:in `call'
  activesupport (4.2.7) lib/active_support/cache/strategy/local_cache_middleware.rb:28:in `call'
  rack (1.6.4) lib/rack/lock.rb:17:in `call'
  actionpack (4.2.7) lib/action_dispatch/middleware/static.rb:120:in `call'
  rack (1.6.4) lib/rack/sendfile.rb:113:in `call'
  railties (4.2.7) lib/rails/engine.rb:518:in `call'
  railties (4.2.7) lib/rails/application.rb:165:in `call'
  rack (1.6.4) lib/rack/lock.rb:17:in `call'
  rack (1.6.4) lib/rack/content_length.rb:15:in `call'
  rack (1.6.4) lib/rack/handler/webrick.rb:88:in `service'
  /Users/nurl/.rvm/rubies/ruby-2.3.0/lib/ruby/2.3.0/webrick/httpserver.rb:140:in `service'
  /Users/nurl/.rvm/rubies/ruby-2.3.0/lib/ruby/2.3.0/webrick/httpserver.rb:96:in `run'
  /Users/nurl/.rvm/rubies/ruby-2.3.0/lib/ruby/2.3.0/webrick/server.rb:296:in `block in start_thread'


  Rendered /Users/nurl/.rvm/gems/ruby-2.3.0@rails_gemset/gems/actionpack-4.2.7/lib/action_dispatch/middleware/templates/rescues/_trace.html.erb (1.1ms)
  Rendered /Users/nurl/.rvm/gems/ruby-2.3.0@rails_gemset/gems/actionpack-4.2.7/lib/action_dispatch/middleware/templates/routes/_route.html.erb (0.7ms)
  Rendered /Users/nurl/.rvm/gems/ruby-2.3.0@rails_gemset/gems/actionpack-4.2.7/lib/action_dispatch/middleware/templates/routes/_table.html.erb (1.1ms)
  Rendered /Users/nurl/.rvm/gems/ruby-2.3.0@rails_gemset/gems/actionpack-4.2.7/lib/action_dispatch/middleware/templates/rescues/_request_and_response.html.erb (1.0ms)
  Rendered /Users/nurl/.rvm/gems/ruby-2.3.0@rails_gemset/gems/actionpack-4.2.7/lib/action_dispatch/middleware/templates/rescues/routing_error.html.erb within rescues/layout (60.4ms)
  Rendered /Users/nurl/.rvm/gems/ruby-2.3.0@rails_gemset/gems/web-console-2.3.0/lib/web_console/templates/_markup.html.erb (0.3ms)
  Rendered /Users/nurl/.rvm/gems/ruby-2.3.0@rails_gemset/gems/web-console-2.3.0/lib/web_console/templates/_inner_console_markup.html.erb within layouts/inlined_string (0.2ms)
  Rendered /Users/nurl/.rvm/gems/ruby-2.3.0@rails_gemset/gems/web-console-2.3.0/lib/web_console/templates/_prompt_box_markup.html.erb within layouts/inlined_string (0.3ms)
  Rendered /Users/nurl/.rvm/gems/ruby-2.3.0@rails_gemset/gems/web-console-2.3.0/lib/web_console/templates/style.css.erb within layouts/inlined_string (0.7ms)
  Rendered /Users/nurl/.rvm/gems/ruby-2.3.0@rails_gemset/gems/web-console-2.3.0/lib/web_console/templates/console.js.erb within layouts/javascript (46.7ms)
  Rendered /Users/nurl/.rvm/gems/ruby-2.3.0@rails_gemset/gems/web-console-2.3.0/lib/web_console/templates/main.js.erb within layouts/javascript (0.3ms)
  Rendered /Users/nurl/.rvm/gems/ruby-2.3.0@rails_gemset/gems/web-console-2.3.0/lib/web_console/templates/error_page.js.erb within layouts/javascript (0.5ms)
  Rendered /Users/nurl/.rvm/gems/ruby-2.3.0@rails_gemset/gems/web-console-2.3.0/lib/web_console/templates/index.html.erb (97.6ms)


Started GET "/tasks/new" for ::1 at 2016-09-27 16:23:14 -0700

SyntaxError (/Users/nurl/ada/homework/rails/TaskListRails/app/controllers/tasks_controller.rb:5: syntax error, unexpected ']', expecting '}'
/Users/nurl/ada/homework/rails/TaskListRails/app/controllers/tasks_controller.rb:17: syntax error, unexpected end-of-input, expecting keyword_end):
  app/controllers/tasks_controller.rb:5: syntax error, unexpected ']', expecting '}'
  app/controllers/tasks_controller.rb:17: syntax error, unexpected end-of-input, expecting keyword_end


  Rendered /Users/nurl/.rvm/gems/ruby-2.3.0@rails_gemset/gems/actionpack-4.2.7/lib/action_dispatch/middleware/templates/rescues/_source.erb (4.9ms)
  Rendered /Users/nurl/.rvm/gems/ruby-2.3.0@rails_gemset/gems/actionpack-4.2.7/lib/action_dispatch/middleware/templates/rescues/_trace.html.erb (2.3ms)
  Rendered /Users/nurl/.rvm/gems/ruby-2.3.0@rails_gemset/gems/actionpack-4.2.7/lib/action_dispatch/middleware/templates/rescues/_request_and_response.html.erb (1.1ms)
  Rendered /Users/nurl/.rvm/gems/ruby-2.3.0@rails_gemset/gems/actionpack-4.2.7/lib/action_dispatch/middleware/templates/rescues/diagnostics.html.erb within rescues/layout (53.3ms)
  Rendered /Users/nurl/.rvm/gems/ruby-2.3.0@rails_gemset/gems/web-console-2.3.0/lib/web_console/templates/_markup.html.erb (0.6ms)
  Rendered /Users/nurl/.rvm/gems/ruby-2.3.0@rails_gemset/gems/web-console-2.3.0/lib/web_console/templates/_inner_console_markup.html.erb within layouts/inlined_string (0.3ms)
  Rendered /Users/nurl/.rvm/gems/ruby-2.3.0@rails_gemset/gems/web-console-2.3.0/lib/web_console/templates/_prompt_box_markup.html.erb within layouts/inlined_string (0.3ms)
  Rendered /Users/nurl/.rvm/gems/ruby-2.3.0@rails_gemset/gems/web-console-2.3.0/lib/web_console/templates/style.css.erb within layouts/inlined_string (0.4ms)
  Rendered /Users/nurl/.rvm/gems/ruby-2.3.0@rails_gemset/gems/web-console-2.3.0/lib/web_console/templates/console.js.erb within layouts/javascript (38.0ms)
  Rendered /Users/nurl/.rvm/gems/ruby-2.3.0@rails_gemset/gems/web-console-2.3.0/lib/web_console/templates/main.js.erb within layouts/javascript (5.0ms)
  Rendered /Users/nurl/.rvm/gems/ruby-2.3.0@rails_gemset/gems/web-console-2.3.0/lib/web_console/templates/error_page.js.erb within layouts/javascript (0.3ms)
  Rendered /Users/nurl/.rvm/gems/ruby-2.3.0@rails_gemset/gems/web-console-2.3.0/lib/web_console/templates/index.html.erb (95.6ms)


Started GET "/tasks/new" for ::1 at 2016-09-27 16:23:21 -0700
Processing by TasksController#new as HTML
  Rendered tasks/new.html.erb within layouts/application (0.4ms)
Completed 200 OK in 14ms (Views: 13.6ms | ActiveRecord: 0.0ms)


Started POST "/tasks/index.html" for ::1 at 2016-09-27 16:23:26 -0700

ActionController::RoutingError (No route matches [POST] "/tasks/index.html"):
  actionpack (4.2.7) lib/action_dispatch/middleware/debug_exceptions.rb:21:in `call'
  web-console (2.3.0) lib/web_console/middleware.rb:28:in `block in call'
  web-console (2.3.0) lib/web_console/middleware.rb:18:in `catch'
  web-console (2.3.0) lib/web_console/middleware.rb:18:in `call'
  actionpack (4.2.7) lib/action_dispatch/middleware/show_exceptions.rb:30:in `call'
  railties (4.2.7) lib/rails/rack/logger.rb:38:in `call_app'
  railties (4.2.7) lib/rails/rack/logger.rb:20:in `block in call'
  activesupport (4.2.7) lib/active_support/tagged_logging.rb:68:in `block in tagged'
  activesupport (4.2.7) lib/active_support/tagged_logging.rb:26:in `tagged'
  activesupport (4.2.7) lib/active_support/tagged_logging.rb:68:in `tagged'
  railties (4.2.7) lib/rails/rack/logger.rb:20:in `call'
  actionpack (4.2.7) lib/action_dispatch/middleware/request_id.rb:21:in `call'
  rack (1.6.4) lib/rack/methodoverride.rb:22:in `call'
  rack (1.6.4) lib/rack/runtime.rb:18:in `call'
  activesupport (4.2.7) lib/active_support/cache/strategy/local_cache_middleware.rb:28:in `call'
  rack (1.6.4) lib/rack/lock.rb:17:in `call'
  actionpack (4.2.7) lib/action_dispatch/middleware/static.rb:120:in `call'
  rack (1.6.4) lib/rack/sendfile.rb:113:in `call'
  railties (4.2.7) lib/rails/engine.rb:518:in `call'
  railties (4.2.7) lib/rails/application.rb:165:in `call'
  rack (1.6.4) lib/rack/lock.rb:17:in `call'
  rack (1.6.4) lib/rack/content_length.rb:15:in `call'
  rack (1.6.4) lib/rack/handler/webrick.rb:88:in `service'
  /Users/nurl/.rvm/rubies/ruby-2.3.0/lib/ruby/2.3.0/webrick/httpserver.rb:140:in `service'
  /Users/nurl/.rvm/rubies/ruby-2.3.0/lib/ruby/2.3.0/webrick/httpserver.rb:96:in `run'
  /Users/nurl/.rvm/rubies/ruby-2.3.0/lib/ruby/2.3.0/webrick/server.rb:296:in `block in start_thread'


  Rendered /Users/nurl/.rvm/gems/ruby-2.3.0@rails_gemset/gems/actionpack-4.2.7/lib/action_dispatch/middleware/templates/rescues/_trace.html.erb (1.1ms)
  Rendered /Users/nurl/.rvm/gems/ruby-2.3.0@rails_gemset/gems/actionpack-4.2.7/lib/action_dispatch/middleware/templates/routes/_route.html.erb (1.2ms)
  Rendered /Users/nurl/.rvm/gems/ruby-2.3.0@rails_gemset/gems/actionpack-4.2.7/lib/action_dispatch/middleware/templates/routes/_table.html.erb (1.3ms)
  Rendered /Users/nurl/.rvm/gems/ruby-2.3.0@rails_gemset/gems/actionpack-4.2.7/lib/action_dispatch/middleware/templates/rescues/_request_and_response.html.erb (1.4ms)
  Rendered /Users/nurl/.rvm/gems/ruby-2.3.0@rails_gemset/gems/actionpack-4.2.7/lib/action_dispatch/middleware/templates/rescues/routing_error.html.erb within rescues/layout (59.8ms)
  Rendered /Users/nurl/.rvm/gems/ruby-2.3.0@rails_gemset/gems/web-console-2.3.0/lib/web_console/templates/_markup.html.erb (0.4ms)
  Rendered /Users/nurl/.rvm/gems/ruby-2.3.0@rails_gemset/gems/web-console-2.3.0/lib/web_console/templates/_inner_console_markup.html.erb within layouts/inlined_string (0.3ms)
  Rendered /Users/nurl/.rvm/gems/ruby-2.3.0@rails_gemset/gems/web-console-2.3.0/lib/web_console/templates/_prompt_box_markup.html.erb within layouts/inlined_string (0.3ms)
  Rendered /Users/nurl/.rvm/gems/ruby-2.3.0@rails_gemset/gems/web-console-2.3.0/lib/web_console/templates/style.css.erb within layouts/inlined_string (0.3ms)
  Rendered /Users/nurl/.rvm/gems/ruby-2.3.0@rails_gemset/gems/web-console-2.3.0/lib/web_console/templates/console.js.erb within layouts/javascript (39.0ms)
  Rendered /Users/nurl/.rvm/gems/ruby-2.3.0@rails_gemset/gems/web-console-2.3.0/lib/web_console/templates/main.js.erb within layouts/javascript (0.3ms)
  Rendered /Users/nurl/.rvm/gems/ruby-2.3.0@rails_gemset/gems/web-console-2.3.0/lib/web_console/templates/error_page.js.erb within layouts/javascript (0.4ms)
  Rendered /Users/nurl/.rvm/gems/ruby-2.3.0@rails_gemset/gems/web-console-2.3.0/lib/web_console/templates/index.html.erb (85.6ms)


Started GET "/tasks" for ::1 at 2016-09-27 16:32:22 -0700
Processing by TasksController#index as HTML
  Rendered tasks/index.html.erb within layouts/application (0.7ms)
Completed 200 OK in 18ms (Views: 17.8ms | ActiveRecord: 0.0ms)


Started GET "/tasks" for ::1 at 2016-09-27 16:33:12 -0700
Processing by TasksController#index as HTML
  Rendered tasks/index.html.erb within layouts/application (0.7ms)
Completed 200 OK in 17ms (Views: 16.1ms | ActiveRecord: 0.0ms)


Started GET "/assets/tasks.self-e3b0c44298fc1c149afbf4c8996fb92427ae41e4649b934ca495991b7852b855.css?body=1" for ::1 at 2016-09-27 16:33:12 -0700


Started GET "/assets/application.self-e80e8f2318043e8af94dddc2adad5a4f09739a8ebb323b3ab31cd71d45fd9113.css?body=1" for ::1 at 2016-09-27 16:33:12 -0700


Started GET "/assets/application.self-3b8dabdc891efe46b9a144b400ad69e37d7e5876bdc39dee783419a69d7ca819.js?body=1" for ::1 at 2016-09-27 16:33:12 -0700


Started GET "/assets/turbolinks.self-c5acd7a204f5f25ce7a1d8a0e4d92e28d34c9e2df2c7371cd7af88e147e4ad82.js?body=1" for ::1 at 2016-09-27 16:33:12 -0700


Started GET "/assets/tasks.self-877aef30ae1b040ab8a3aba4e3e309a11d7f2612f44dde450b5c157aa5f95c05.js?body=1" for ::1 at 2016-09-27 16:33:12 -0700


Started GET "/assets/jquery_ujs.self-784a997f6726036b1993eb2217c9cb558e1cbb801c6da88105588c56f13b466a.js?body=1" for ::1 at 2016-09-27 16:33:12 -0700


Started GET "/assets/jquery.self-bd7ddd393353a8d2480a622e80342adf488fb6006d667e8b42e4c0073393abee.js?body=1" for ::1 at 2016-09-27 16:33:12 -0700


Started GET "/tasks" for ::1 at 2016-09-27 16:37:43 -0700
Processing by TasksController#index as HTML
  Rendered tasks/index.html.erb within layouts/application (0.9ms)
Completed 500 Internal Server Error in 4ms (ActiveRecord: 0.0ms)

SyntaxError (/Users/nurl/ada/homework/rails/TaskListRails/app/views/tasks/index.html.erb:13: syntax error, unexpected keyword_ensure, expecting keyword_end
/Users/nurl/ada/homework/rails/TaskListRails/app/views/tasks/index.html.erb:15: syntax error, unexpected end-of-input, expecting keyword_end):
  app/views/tasks/index.html.erb:13: syntax error, unexpected keyword_ensure, expecting keyword_end
  app/views/tasks/index.html.erb:15: syntax error, unexpected end-of-input, expecting keyword_end


  Rendered /Users/nurl/.rvm/gems/ruby-2.3.0@rails_gemset/gems/actionpack-4.2.7/lib/action_dispatch/middleware/templates/rescues/_source.erb (4.6ms)
  Rendered /Users/nurl/.rvm/gems/ruby-2.3.0@rails_gemset/gems/actionpack-4.2.7/lib/action_dispatch/middleware/templates/rescues/_trace.html.erb (2.0ms)
  Rendered /Users/nurl/.rvm/gems/ruby-2.3.0@rails_gemset/gems/actionpack-4.2.7/lib/action_dispatch/middleware/templates/rescues/_request_and_response.html.erb (0.7ms)
  Rendered /Users/nurl/.rvm/gems/ruby-2.3.0@rails_gemset/gems/actionpack-4.2.7/lib/action_dispatch/middleware/templates/rescues/diagnostics.html.erb within rescues/layout (50.9ms)
  Rendered /Users/nurl/.rvm/gems/ruby-2.3.0@rails_gemset/gems/web-console-2.3.0/lib/web_console/templates/_markup.html.erb (0.3ms)
  Rendered /Users/nurl/.rvm/gems/ruby-2.3.0@rails_gemset/gems/web-console-2.3.0/lib/web_console/templates/_inner_console_markup.html.erb within layouts/inlined_string (0.4ms)
  Rendered /Users/nurl/.rvm/gems/ruby-2.3.0@rails_gemset/gems/web-console-2.3.0/lib/web_console/templates/_prompt_box_markup.html.erb within layouts/inlined_string (0.2ms)
  Rendered /Users/nurl/.rvm/gems/ruby-2.3.0@rails_gemset/gems/web-console-2.3.0/lib/web_console/templates/style.css.erb within layouts/inlined_string (0.2ms)
  Rendered /Users/nurl/.rvm/gems/ruby-2.3.0@rails_gemset/gems/web-console-2.3.0/lib/web_console/templates/console.js.erb within layouts/javascript (50.7ms)
  Rendered /Users/nurl/.rvm/gems/ruby-2.3.0@rails_gemset/gems/web-console-2.3.0/lib/web_console/templates/main.js.erb within layouts/javascript (0.2ms)
  Rendered /Users/nurl/.rvm/gems/ruby-2.3.0@rails_gemset/gems/web-console-2.3.0/lib/web_console/templates/error_page.js.erb within layouts/javascript (0.5ms)
  Rendered /Users/nurl/.rvm/gems/ruby-2.3.0@rails_gemset/gems/web-console-2.3.0/lib/web_console/templates/index.html.erb (107.9ms)


Started GET "/tasks" for ::1 at 2016-09-27 16:38:04 -0700
Processing by TasksController#index as HTML
  Rendered tasks/index.html.erb within layouts/application (2.8ms)
Completed 500 Internal Server Error in 7ms (ActiveRecord: 0.0ms)

ActionView::Template::Error (undefined method `[]' for false:FalseClass):
    2: <p>
    3:   <% @list_o_tasks.map do |k,v| %>
    4:     <% v.each do |task| %>
    5:       <% if task[1] == false %>
    6:         <%= "#{task} is incomplete!" %>
    7:       <% else %>
    8:         <p><%= task %> </p>
  app/views/tasks/index.html.erb:5:in `block (2 levels) in _app_views_tasks_index_html_erb__3184378462818711500_70314167787740'
  app/views/tasks/index.html.erb:4:in `each'
  app/views/tasks/index.html.erb:4:in `block in _app_views_tasks_index_html_erb__3184378462818711500_70314167787740'
  app/views/tasks/index.html.erb:3:in `each'
  app/views/tasks/index.html.erb:3:in `map'
  app/views/tasks/index.html.erb:3:in `_app_views_tasks_index_html_erb__3184378462818711500_70314167787740'


  Rendered /Users/nurl/.rvm/gems/ruby-2.3.0@rails_gemset/gems/actionpack-4.2.7/lib/action_dispatch/middleware/templates/rescues/_source.erb (5.5ms)
  Rendered /Users/nurl/.rvm/gems/ruby-2.3.0@rails_gemset/gems/actionpack-4.2.7/lib/action_dispatch/middleware/templates/rescues/_trace.html.erb (1.8ms)
  Rendered /Users/nurl/.rvm/gems/ruby-2.3.0@rails_gemset/gems/actionpack-4.2.7/lib/action_dispatch/middleware/templates/rescues/_request_and_response.html.erb (0.7ms)
  Rendered /Users/nurl/.rvm/gems/ruby-2.3.0@rails_gemset/gems/actionpack-4.2.7/lib/action_dispatch/middleware/templates/rescues/template_error.html.erb within rescues/layout (50.4ms)
  Rendered /Users/nurl/.rvm/gems/ruby-2.3.0@rails_gemset/gems/web-console-2.3.0/lib/web_console/templates/_markup.html.erb (0.4ms)
  Rendered /Users/nurl/.rvm/gems/ruby-2.3.0@rails_gemset/gems/web-console-2.3.0/lib/web_console/templates/_inner_console_markup.html.erb within layouts/inlined_string (0.3ms)
  Rendered /Users/nurl/.rvm/gems/ruby-2.3.0@rails_gemset/gems/web-console-2.3.0/lib/web_console/templates/_prompt_box_markup.html.erb within layouts/inlined_string (0.4ms)
  Rendered /Users/nurl/.rvm/gems/ruby-2.3.0@rails_gemset/gems/web-console-2.3.0/lib/web_console/templates/style.css.erb within layouts/inlined_string (0.3ms)
  Rendered /Users/nurl/.rvm/gems/ruby-2.3.0@rails_gemset/gems/web-console-2.3.0/lib/web_console/templates/console.js.erb within layouts/javascript (43.5ms)
  Rendered /Users/nurl/.rvm/gems/ruby-2.3.0@rails_gemset/gems/web-console-2.3.0/lib/web_console/templates/main.js.erb within layouts/javascript (0.3ms)
  Rendered /Users/nurl/.rvm/gems/ruby-2.3.0@rails_gemset/gems/web-console-2.3.0/lib/web_console/templates/error_page.js.erb within layouts/javascript (0.4ms)
  Rendered /Users/nurl/.rvm/gems/ruby-2.3.0@rails_gemset/gems/web-console-2.3.0/lib/web_console/templates/index.html.erb (93.5ms)


Started GET "/tasks" for ::1 at 2016-09-27 16:42:10 -0700
Processing by TasksController#index as HTML
  Rendered tasks/index.html.erb within layouts/application (0.9ms)
Completed 200 OK in 14ms (Views: 13.5ms | ActiveRecord: 0.0ms)


Started GET "/assets/tasks.self-e3b0c44298fc1c149afbf4c8996fb92427ae41e4649b934ca495991b7852b855.css?body=1" for ::1 at 2016-09-27 16:42:10 -0700


Started GET "/assets/turbolinks.self-c5acd7a204f5f25ce7a1d8a0e4d92e28d34c9e2df2c7371cd7af88e147e4ad82.js?body=1" for ::1 at 2016-09-27 16:42:10 -0700


Started GET "/assets/application.self-e80e8f2318043e8af94dddc2adad5a4f09739a8ebb323b3ab31cd71d45fd9113.css?body=1" for ::1 at 2016-09-27 16:42:10 -0700


Started GET "/assets/application.self-3b8dabdc891efe46b9a144b400ad69e37d7e5876bdc39dee783419a69d7ca819.js?body=1" for ::1 at 2016-09-27 16:42:10 -0700


Started GET "/assets/jquery_ujs.self-784a997f6726036b1993eb2217c9cb558e1cbb801c6da88105588c56f13b466a.js?body=1" for ::1 at 2016-09-27 16:42:10 -0700


Started GET "/assets/tasks.self-877aef30ae1b040ab8a3aba4e3e309a11d7f2612f44dde450b5c157aa5f95c05.js?body=1" for ::1 at 2016-09-27 16:42:10 -0700


Started GET "/assets/jquery.self-bd7ddd393353a8d2480a622e80342adf488fb6006d667e8b42e4c0073393abee.js?body=1" for ::1 at 2016-09-27 16:42:10 -0700


Started GET "/tasks" for ::1 at 2016-09-27 16:43:53 -0700
Processing by TasksController#index as HTML
  Rendered tasks/index.html.erb within layouts/application (0.5ms)
Completed 200 OK in 15ms (Views: 14.8ms | ActiveRecord: 0.0ms)


Started GET "/assets/tasks.self-e3b0c44298fc1c149afbf4c8996fb92427ae41e4649b934ca495991b7852b855.css?body=1" for ::1 at 2016-09-27 16:43:53 -0700


Started GET "/assets/turbolinks.self-c5acd7a204f5f25ce7a1d8a0e4d92e28d34c9e2df2c7371cd7af88e147e4ad82.js?body=1" for ::1 at 2016-09-27 16:43:53 -0700


Started GET "/assets/application.self-e80e8f2318043e8af94dddc2adad5a4f09739a8ebb323b3ab31cd71d45fd9113.css?body=1" for ::1 at 2016-09-27 16:43:53 -0700


Started GET "/assets/application.self-3b8dabdc891efe46b9a144b400ad69e37d7e5876bdc39dee783419a69d7ca819.js?body=1" for ::1 at 2016-09-27 16:43:53 -0700


Started GET "/assets/jquery_ujs.self-784a997f6726036b1993eb2217c9cb558e1cbb801c6da88105588c56f13b466a.js?body=1" for ::1 at 2016-09-27 16:43:53 -0700


Started GET "/assets/jquery.self-bd7ddd393353a8d2480a622e80342adf488fb6006d667e8b42e4c0073393abee.js?body=1" for ::1 at 2016-09-27 16:43:53 -0700


Started GET "/assets/tasks.self-877aef30ae1b040ab8a3aba4e3e309a11d7f2612f44dde450b5c157aa5f95c05.js?body=1" for ::1 at 2016-09-27 16:43:53 -0700


Started GET "/tasks" for ::1 at 2016-09-27 16:46:15 -0700
Processing by TasksController#index as HTML
  Rendered tasks/index.html.erb within layouts/application (0.6ms)
Completed 200 OK in 14ms (Views: 12.5ms | ActiveRecord: 0.0ms)


Started GET "/assets/tasks.self-e3b0c44298fc1c149afbf4c8996fb92427ae41e4649b934ca495991b7852b855.css?body=1" for ::1 at 2016-09-27 16:46:15 -0700


Started GET "/assets/application.self-e80e8f2318043e8af94dddc2adad5a4f09739a8ebb323b3ab31cd71d45fd9113.css?body=1" for ::1 at 2016-09-27 16:46:15 -0700


Started GET "/assets/turbolinks.self-c5acd7a204f5f25ce7a1d8a0e4d92e28d34c9e2df2c7371cd7af88e147e4ad82.js?body=1" for ::1 at 2016-09-27 16:46:15 -0700


Started GET "/assets/jquery.self-bd7ddd393353a8d2480a622e80342adf488fb6006d667e8b42e4c0073393abee.js?body=1" for ::1 at 2016-09-27 16:46:15 -0700


Started GET "/assets/jquery_ujs.self-784a997f6726036b1993eb2217c9cb558e1cbb801c6da88105588c56f13b466a.js?body=1" for ::1 at 2016-09-27 16:46:15 -0700


Started GET "/assets/tasks.self-877aef30ae1b040ab8a3aba4e3e309a11d7f2612f44dde450b5c157aa5f95c05.js?body=1" for ::1 at 2016-09-27 16:46:15 -0700


Started GET "/assets/application.self-3b8dabdc891efe46b9a144b400ad69e37d7e5876bdc39dee783419a69d7ca819.js?body=1" for ::1 at 2016-09-27 16:46:15 -0700


Started GET "/tasks" for ::1 at 2016-09-27 16:46:30 -0700
Processing by TasksController#index as HTML
  Rendered tasks/index.html.erb within layouts/application (17.8ms)
Completed 500 Internal Server Error in 21ms (ActiveRecord: 0.0ms)

ActionView::Template::Error (undefined local variable or method `n' for #<#<Class:0x007fe6965ab570>:0x007fe695f9f118>):
    10:   <% end %>
    11:   <p>Incomplete tasks:
    12:   <%incomplete.each do |task| %>
    13:     <p><%= task[n][0] %> </p>
    14:   <% end %>
    15: </p>
  app/views/tasks/index.html.erb:13:in `block in _app_views_tasks_index_html_erb__3184378462818711500_70314167692660'
  app/views/tasks/index.html.erb:12:in `each'
  app/views/tasks/index.html.erb:12:in `_app_views_tasks_index_html_erb__3184378462818711500_70314167692660'


  Rendered /Users/nurl/.rvm/gems/ruby-2.3.0@rails_gemset/gems/actionpack-4.2.7/lib/action_dispatch/middleware/templates/rescues/_source.erb (4.4ms)
  Rendered /Users/nurl/.rvm/gems/ruby-2.3.0@rails_gemset/gems/actionpack-4.2.7/lib/action_dispatch/middleware/templates/rescues/_trace.html.erb (2.4ms)
  Rendered /Users/nurl/.rvm/gems/ruby-2.3.0@rails_gemset/gems/actionpack-4.2.7/lib/action_dispatch/middleware/templates/rescues/_request_and_response.html.erb (1.2ms)
  Rendered /Users/nurl/.rvm/gems/ruby-2.3.0@rails_gemset/gems/actionpack-4.2.7/lib/action_dispatch/middleware/templates/rescues/template_error.html.erb within rescues/layout (54.8ms)
  Rendered /Users/nurl/.rvm/gems/ruby-2.3.0@rails_gemset/gems/web-console-2.3.0/lib/web_console/templates/_markup.html.erb (0.5ms)
  Rendered /Users/nurl/.rvm/gems/ruby-2.3.0@rails_gemset/gems/web-console-2.3.0/lib/web_console/templates/_inner_console_markup.html.erb within layouts/inlined_string (0.2ms)
  Rendered /Users/nurl/.rvm/gems/ruby-2.3.0@rails_gemset/gems/web-console-2.3.0/lib/web_console/templates/_prompt_box_markup.html.erb within layouts/inlined_string (0.2ms)
  Rendered /Users/nurl/.rvm/gems/ruby-2.3.0@rails_gemset/gems/web-console-2.3.0/lib/web_console/templates/style.css.erb within layouts/inlined_string (0.3ms)
  Rendered /Users/nurl/.rvm/gems/ruby-2.3.0@rails_gemset/gems/web-console-2.3.0/lib/web_console/templates/console.js.erb within layouts/javascript (37.3ms)
  Rendered /Users/nurl/.rvm/gems/ruby-2.3.0@rails_gemset/gems/web-console-2.3.0/lib/web_console/templates/main.js.erb within layouts/javascript (0.2ms)
  Rendered /Users/nurl/.rvm/gems/ruby-2.3.0@rails_gemset/gems/web-console-2.3.0/lib/web_console/templates/error_page.js.erb within layouts/javascript (0.3ms)
  Rendered /Users/nurl/.rvm/gems/ruby-2.3.0@rails_gemset/gems/web-console-2.3.0/lib/web_console/templates/index.html.erb (94.8ms)


Started GET "/tasks" for ::1 at 2016-09-27 16:47:42 -0700
Processing by TasksController#index as HTML
  Rendered tasks/index.html.erb within layouts/application (4.7ms)
Completed 500 Internal Server Error in 12ms (ActiveRecord: 0.0ms)

ActionView::Template::Error (undefined method `[]' for false:FalseClass):
    13: 
    14:   <% n=0 %>
    15:   <%incomplete.each do |task| %>
    16:     <p><%= "#{task[n][0]}" %> </p>
    17:     <% n += 1 %>
    18:   <% end %>
    19: </p>
  app/views/tasks/index.html.erb:16:in `block in _app_views_tasks_index_html_erb__3184378462818711500_70314139978920'
  app/views/tasks/index.html.erb:15:in `each'
  app/views/tasks/index.html.erb:15:in `_app_views_tasks_index_html_erb__3184378462818711500_70314139978920'


  Rendered /Users/nurl/.rvm/gems/ruby-2.3.0@rails_gemset/gems/actionpack-4.2.7/lib/action_dispatch/middleware/templates/rescues/_source.erb (4.6ms)
  Rendered /Users/nurl/.rvm/gems/ruby-2.3.0@rails_gemset/gems/actionpack-4.2.7/lib/action_dispatch/middleware/templates/rescues/_trace.html.erb (2.0ms)
  Rendered /Users/nurl/.rvm/gems/ruby-2.3.0@rails_gemset/gems/actionpack-4.2.7/lib/action_dispatch/middleware/templates/rescues/_request_and_response.html.erb (1.0ms)
  Rendered /Users/nurl/.rvm/gems/ruby-2.3.0@rails_gemset/gems/actionpack-4.2.7/lib/action_dispatch/middleware/templates/rescues/template_error.html.erb within rescues/layout (64.8ms)
  Rendered /Users/nurl/.rvm/gems/ruby-2.3.0@rails_gemset/gems/web-console-2.3.0/lib/web_console/templates/_markup.html.erb (0.2ms)
  Rendered /Users/nurl/.rvm/gems/ruby-2.3.0@rails_gemset/gems/web-console-2.3.0/lib/web_console/templates/_inner_console_markup.html.erb within layouts/inlined_string (0.2ms)
  Rendered /Users/nurl/.rvm/gems/ruby-2.3.0@rails_gemset/gems/web-console-2.3.0/lib/web_console/templates/_prompt_box_markup.html.erb within layouts/inlined_string (0.2ms)
  Rendered /Users/nurl/.rvm/gems/ruby-2.3.0@rails_gemset/gems/web-console-2.3.0/lib/web_console/templates/style.css.erb within layouts/inlined_string (0.3ms)
  Rendered /Users/nurl/.rvm/gems/ruby-2.3.0@rails_gemset/gems/web-console-2.3.0/lib/web_console/templates/console.js.erb within layouts/javascript (37.4ms)
  Rendered /Users/nurl/.rvm/gems/ruby-2.3.0@rails_gemset/gems/web-console-2.3.0/lib/web_console/templates/main.js.erb within layouts/javascript (0.3ms)
  Rendered /Users/nurl/.rvm/gems/ruby-2.3.0@rails_gemset/gems/web-console-2.3.0/lib/web_console/templates/error_page.js.erb within layouts/javascript (0.4ms)
  Rendered /Users/nurl/.rvm/gems/ruby-2.3.0@rails_gemset/gems/web-console-2.3.0/lib/web_console/templates/index.html.erb (87.4ms)


Started GET "/tasks" for ::1 at 2016-09-27 16:48:12 -0700
Processing by TasksController#index as HTML
  Rendered tasks/index.html.erb within layouts/application (0.7ms)
Completed 200 OK in 19ms (Views: 18.4ms | ActiveRecord: 0.0ms)


Started GET "/assets/tasks.self-e3b0c44298fc1c149afbf4c8996fb92427ae41e4649b934ca495991b7852b855.css?body=1" for ::1 at 2016-09-27 16:48:12 -0700


Started GET "/assets/application.self-e80e8f2318043e8af94dddc2adad5a4f09739a8ebb323b3ab31cd71d45fd9113.css?body=1" for ::1 at 2016-09-27 16:48:12 -0700


Started GET "/assets/jquery.self-bd7ddd393353a8d2480a622e80342adf488fb6006d667e8b42e4c0073393abee.js?body=1" for ::1 at 2016-09-27 16:48:12 -0700


Started GET "/assets/turbolinks.self-c5acd7a204f5f25ce7a1d8a0e4d92e28d34c9e2df2c7371cd7af88e147e4ad82.js?body=1" for ::1 at 2016-09-27 16:48:12 -0700


Started GET "/assets/tasks.self-877aef30ae1b040ab8a3aba4e3e309a11d7f2612f44dde450b5c157aa5f95c05.js?body=1" for ::1 at 2016-09-27 16:48:12 -0700


Started GET "/assets/application.self-3b8dabdc891efe46b9a144b400ad69e37d7e5876bdc39dee783419a69d7ca819.js?body=1" for ::1 at 2016-09-27 16:48:12 -0700


Started GET "/assets/jquery_ujs.self-784a997f6726036b1993eb2217c9cb558e1cbb801c6da88105588c56f13b466a.js?body=1" for ::1 at 2016-09-27 16:48:12 -0700


Started GET "/tasks" for ::1 at 2016-09-27 16:48:25 -0700
Processing by TasksController#index as HTML
  Rendered tasks/index.html.erb within layouts/application (0.5ms)
Completed 200 OK in 19ms (Views: 18.1ms | ActiveRecord: 0.0ms)


Started GET "/assets/tasks.self-e3b0c44298fc1c149afbf4c8996fb92427ae41e4649b934ca495991b7852b855.css?body=1" for ::1 at 2016-09-27 16:48:25 -0700


Started GET "/assets/application.self-e80e8f2318043e8af94dddc2adad5a4f09739a8ebb323b3ab31cd71d45fd9113.css?body=1" for ::1 at 2016-09-27 16:48:25 -0700


Started GET "/assets/tasks.self-877aef30ae1b040ab8a3aba4e3e309a11d7f2612f44dde450b5c157aa5f95c05.js?body=1" for ::1 at 2016-09-27 16:48:25 -0700


Started GET "/assets/jquery_ujs.self-784a997f6726036b1993eb2217c9cb558e1cbb801c6da88105588c56f13b466a.js?body=1" for ::1 at 2016-09-27 16:48:25 -0700


Started GET "/assets/jquery.self-bd7ddd393353a8d2480a622e80342adf488fb6006d667e8b42e4c0073393abee.js?body=1" for ::1 at 2016-09-27 16:48:25 -0700


Started GET "/assets/turbolinks.self-c5acd7a204f5f25ce7a1d8a0e4d92e28d34c9e2df2c7371cd7af88e147e4ad82.js?body=1" for ::1 at 2016-09-27 16:48:25 -0700


Started GET "/assets/application.self-3b8dabdc891efe46b9a144b400ad69e37d7e5876bdc39dee783419a69d7ca819.js?body=1" for ::1 at 2016-09-27 16:48:25 -0700


Started GET "/tasks" for ::1 at 2016-09-27 16:48:28 -0700
Processing by TasksController#index as HTML
  Rendered tasks/index.html.erb within layouts/application (0.1ms)
Completed 200 OK in 14ms (Views: 13.7ms | ActiveRecord: 0.0ms)


Started GET "/assets/tasks.self-e3b0c44298fc1c149afbf4c8996fb92427ae41e4649b934ca495991b7852b855.css?body=1" for ::1 at 2016-09-27 16:48:28 -0700


Started GET "/assets/turbolinks.self-c5acd7a204f5f25ce7a1d8a0e4d92e28d34c9e2df2c7371cd7af88e147e4ad82.js?body=1" for ::1 at 2016-09-27 16:48:28 -0700


Started GET "/assets/jquery.self-bd7ddd393353a8d2480a622e80342adf488fb6006d667e8b42e4c0073393abee.js?body=1" for ::1 at 2016-09-27 16:48:28 -0700


Started GET "/assets/tasks.self-877aef30ae1b040ab8a3aba4e3e309a11d7f2612f44dde450b5c157aa5f95c05.js?body=1" for ::1 at 2016-09-27 16:48:28 -0700


Started GET "/assets/application.self-e80e8f2318043e8af94dddc2adad5a4f09739a8ebb323b3ab31cd71d45fd9113.css?body=1" for ::1 at 2016-09-27 16:48:28 -0700


Started GET "/assets/jquery_ujs.self-784a997f6726036b1993eb2217c9cb558e1cbb801c6da88105588c56f13b466a.js?body=1" for ::1 at 2016-09-27 16:48:28 -0700


Started GET "/assets/application.self-3b8dabdc891efe46b9a144b400ad69e37d7e5876bdc39dee783419a69d7ca819.js?body=1" for ::1 at 2016-09-27 16:48:28 -0700


Started GET "/tasks/1" for ::1 at 2016-09-27 16:52:12 -0700
Processing by TasksController#show as HTML
  Parameters: {"id"=>"1"}
  Rendered tasks/show.html.erb within layouts/application (0.2ms)
Completed 200 OK in 12ms (Views: 12.0ms | ActiveRecord: 0.0ms)


Started GET "/tasks/sweep" for ::1 at 2016-09-27 16:52:40 -0700
Processing by TasksController#show as HTML
  Parameters: {"id"=>"sweep"}
  Rendered tasks/show.html.erb within layouts/application (0.0ms)
Completed 200 OK in 13ms (Views: 12.6ms | ActiveRecord: 0.0ms)


Started GET "/tasks/sweep" for ::1 at 2016-09-27 16:53:00 -0700
Processing by TasksController#show as HTML
  Parameters: {"id"=>"sweep"}
  Rendered tasks/show.html.erb within layouts/application (0.0ms)
Completed 200 OK in 15ms (Views: 14.8ms | ActiveRecord: 0.0ms)


Started GET "/assets/tasks.self-e3b0c44298fc1c149afbf4c8996fb92427ae41e4649b934ca495991b7852b855.css?body=1" for ::1 at 2016-09-27 16:53:01 -0700


Started GET "/assets/application.self-e80e8f2318043e8af94dddc2adad5a4f09739a8ebb323b3ab31cd71d45fd9113.css?body=1" for ::1 at 2016-09-27 16:53:01 -0700


Started GET "/assets/jquery_ujs.self-784a997f6726036b1993eb2217c9cb558e1cbb801c6da88105588c56f13b466a.js?body=1" for ::1 at 2016-09-27 16:53:01 -0700


Started GET "/assets/jquery.self-bd7ddd393353a8d2480a622e80342adf488fb6006d667e8b42e4c0073393abee.js?body=1" for ::1 at 2016-09-27 16:53:01 -0700


Started GET "/assets/application.self-3b8dabdc891efe46b9a144b400ad69e37d7e5876bdc39dee783419a69d7ca819.js?body=1" for ::1 at 2016-09-27 16:53:01 -0700


Started GET "/assets/turbolinks.self-c5acd7a204f5f25ce7a1d8a0e4d92e28d34c9e2df2c7371cd7af88e147e4ad82.js?body=1" for ::1 at 2016-09-27 16:53:01 -0700


Started GET "/assets/tasks.self-877aef30ae1b040ab8a3aba4e3e309a11d7f2612f44dde450b5c157aa5f95c05.js?body=1" for ::1 at 2016-09-27 16:53:01 -0700


Started GET "/tasks/sweep" for ::1 at 2016-09-27 16:54:39 -0700
Processing by TasksController#show as HTML
  Parameters: {"id"=>"sweep"}
  Rendered tasks/show.html.erb within layouts/application (0.5ms)
Completed 200 OK in 17ms (Views: 15.9ms | ActiveRecord: 0.0ms)


Started GET "/assets/tasks.self-e3b0c44298fc1c149afbf4c8996fb92427ae41e4649b934ca495991b7852b855.css?body=1" for ::1 at 2016-09-27 16:54:39 -0700


Started GET "/assets/jquery.self-bd7ddd393353a8d2480a622e80342adf488fb6006d667e8b42e4c0073393abee.js?body=1" for ::1 at 2016-09-27 16:54:39 -0700


Started GET "/assets/application.self-3b8dabdc891efe46b9a144b400ad69e37d7e5876bdc39dee783419a69d7ca819.js?body=1" for ::1 at 2016-09-27 16:54:39 -0700


Started GET "/assets/turbolinks.self-c5acd7a204f5f25ce7a1d8a0e4d92e28d34c9e2df2c7371cd7af88e147e4ad82.js?body=1" for ::1 at 2016-09-27 16:54:39 -0700


Started GET "/assets/jquery_ujs.self-784a997f6726036b1993eb2217c9cb558e1cbb801c6da88105588c56f13b466a.js?body=1" for ::1 at 2016-09-27 16:54:39 -0700


Started GET "/assets/tasks.self-877aef30ae1b040ab8a3aba4e3e309a11d7f2612f44dde450b5c157aa5f95c05.js?body=1" for ::1 at 2016-09-27 16:54:39 -0700


Started GET "/assets/application.self-e80e8f2318043e8af94dddc2adad5a4f09739a8ebb323b3ab31cd71d45fd9113.css?body=1" for ::1 at 2016-09-27 16:54:39 -0700


Started GET "/tasks/sweep" for ::1 at 2016-09-27 16:55:01 -0700
Processing by TasksController#show as HTML
  Parameters: {"id"=>"sweep"}
  Rendered tasks/show.html.erb within layouts/application (0.6ms)
Completed 200 OK in 19ms (Views: 18.9ms | ActiveRecord: 0.0ms)


Started GET "/assets/tasks.self-e3b0c44298fc1c149afbf4c8996fb92427ae41e4649b934ca495991b7852b855.css?body=1" for ::1 at 2016-09-27 16:55:01 -0700


Started GET "/assets/jquery_ujs.self-784a997f6726036b1993eb2217c9cb558e1cbb801c6da88105588c56f13b466a.js?body=1" for ::1 at 2016-09-27 16:55:01 -0700


Started GET "/assets/turbolinks.self-c5acd7a204f5f25ce7a1d8a0e4d92e28d34c9e2df2c7371cd7af88e147e4ad82.js?body=1" for ::1 at 2016-09-27 16:55:01 -0700


Started GET "/assets/tasks.self-877aef30ae1b040ab8a3aba4e3e309a11d7f2612f44dde450b5c157aa5f95c05.js?body=1" for ::1 at 2016-09-27 16:55:01 -0700


Started GET "/assets/jquery.self-bd7ddd393353a8d2480a622e80342adf488fb6006d667e8b42e4c0073393abee.js?body=1" for ::1 at 2016-09-27 16:55:01 -0700


Started GET "/assets/application.self-3b8dabdc891efe46b9a144b400ad69e37d7e5876bdc39dee783419a69d7ca819.js?body=1" for ::1 at 2016-09-27 16:55:01 -0700


Started GET "/assets/application.self-e80e8f2318043e8af94dddc2adad5a4f09739a8ebb323b3ab31cd71d45fd9113.css?body=1" for ::1 at 2016-09-27 16:55:01 -0700


Started GET "/tasks/sweep" for ::1 at 2016-09-27 16:55:15 -0700
Processing by TasksController#show as HTML
  Parameters: {"id"=>"sweep"}
  Rendered tasks/show.html.erb within layouts/application (2.8ms)
Completed 500 Internal Server Error in 7ms (ActiveRecord: 0.0ms)

ActionView::Template::Error (no implicit conversion of Symbol into Integer):
    1: <%= @task[:key] %>
  app/views/tasks/show.html.erb:1:in `[]'
  app/views/tasks/show.html.erb:1:in `_app_views_tasks_show_html_erb__3380174568262482294_70314188981540'


  Rendered /Users/nurl/.rvm/gems/ruby-2.3.0@rails_gemset/gems/actionpack-4.2.7/lib/action_dispatch/middleware/templates/rescues/_source.erb (4.5ms)
  Rendered /Users/nurl/.rvm/gems/ruby-2.3.0@rails_gemset/gems/actionpack-4.2.7/lib/action_dispatch/middleware/templates/rescues/_trace.html.erb (2.0ms)
  Rendered /Users/nurl/.rvm/gems/ruby-2.3.0@rails_gemset/gems/actionpack-4.2.7/lib/action_dispatch/middleware/templates/rescues/_request_and_response.html.erb (1.6ms)
  Rendered /Users/nurl/.rvm/gems/ruby-2.3.0@rails_gemset/gems/actionpack-4.2.7/lib/action_dispatch/middleware/templates/rescues/template_error.html.erb within rescues/layout (54.3ms)
  Rendered /Users/nurl/.rvm/gems/ruby-2.3.0@rails_gemset/gems/web-console-2.3.0/lib/web_console/templates/_markup.html.erb (0.3ms)
  Rendered /Users/nurl/.rvm/gems/ruby-2.3.0@rails_gemset/gems/web-console-2.3.0/lib/web_console/templates/_inner_console_markup.html.erb within layouts/inlined_string (0.3ms)
  Rendered /Users/nurl/.rvm/gems/ruby-2.3.0@rails_gemset/gems/web-console-2.3.0/lib/web_console/templates/_prompt_box_markup.html.erb within layouts/inlined_string (0.2ms)
  Rendered /Users/nurl/.rvm/gems/ruby-2.3.0@rails_gemset/gems/web-console-2.3.0/lib/web_console/templates/style.css.erb within layouts/inlined_string (0.3ms)
  Rendered /Users/nurl/.rvm/gems/ruby-2.3.0@rails_gemset/gems/web-console-2.3.0/lib/web_console/templates/console.js.erb within layouts/javascript (37.2ms)
  Rendered /Users/nurl/.rvm/gems/ruby-2.3.0@rails_gemset/gems/web-console-2.3.0/lib/web_console/templates/main.js.erb within layouts/javascript (0.3ms)
  Rendered /Users/nurl/.rvm/gems/ruby-2.3.0@rails_gemset/gems/web-console-2.3.0/lib/web_console/templates/error_page.js.erb within layouts/javascript (0.4ms)
  Rendered /Users/nurl/.rvm/gems/ruby-2.3.0@rails_gemset/gems/web-console-2.3.0/lib/web_console/templates/index.html.erb (85.9ms)


Started GET "/tasks/sweep" for ::1 at 2016-09-27 16:55:34 -0700
Processing by TasksController#show as HTML
  Parameters: {"id"=>"sweep"}
  Rendered tasks/show.html.erb within layouts/application (0.3ms)
Completed 200 OK in 15ms (Views: 14.6ms | ActiveRecord: 0.0ms)


Started GET "/assets/application.self-e80e8f2318043e8af94dddc2adad5a4f09739a8ebb323b3ab31cd71d45fd9113.css?body=1" for ::1 at 2016-09-27 16:55:34 -0700


Started GET "/assets/jquery.self-bd7ddd393353a8d2480a622e80342adf488fb6006d667e8b42e4c0073393abee.js?body=1" for ::1 at 2016-09-27 16:55:34 -0700


Started GET "/assets/jquery_ujs.self-784a997f6726036b1993eb2217c9cb558e1cbb801c6da88105588c56f13b466a.js?body=1" for ::1 at 2016-09-27 16:55:34 -0700


Started GET "/assets/turbolinks.self-c5acd7a204f5f25ce7a1d8a0e4d92e28d34c9e2df2c7371cd7af88e147e4ad82.js?body=1" for ::1 at 2016-09-27 16:55:34 -0700


Started GET "/assets/tasks.self-877aef30ae1b040ab8a3aba4e3e309a11d7f2612f44dde450b5c157aa5f95c05.js?body=1" for ::1 at 2016-09-27 16:55:34 -0700


Started GET "/assets/application.self-3b8dabdc891efe46b9a144b400ad69e37d7e5876bdc39dee783419a69d7ca819.js?body=1" for ::1 at 2016-09-27 16:55:34 -0700


Started GET "/assets/tasks.self-e3b0c44298fc1c149afbf4c8996fb92427ae41e4649b934ca495991b7852b855.css?body=1" for ::1 at 2016-09-27 16:55:34 -0700


Started GET "/" for ::1 at 2016-09-28 13:44:22 -0700
Processing by TasksController#index as HTML
  Rendered tasks/index.html.erb within layouts/application (1.8ms)
Completed 200 OK in 469ms (Views: 460.1ms | ActiveRecord: 0.0ms)
  [1m[36m (2.5ms)[0m  [1mCREATE TABLE "schema_migrations" ("version" varchar NOT NULL) [0m
  [1m[35m (0.1ms)[0m  select sqlite_version(*)
  [1m[36m (1.0ms)[0m  [1mCREATE UNIQUE INDEX "unique_schema_migrations" ON "schema_migrations" ("version")[0m
  [1m[35mActiveRecord::SchemaMigration Load (0.1ms)[0m  SELECT "schema_migrations".* FROM "schema_migrations"
Migrating to CreateTasks (20160928205345)
  [1m[36m (0.1ms)[0m  [1mbegin transaction[0m
  [1m[35m (0.7ms)[0m  CREATE TABLE "tasks" ("id" INTEGER PRIMARY KEY AUTOINCREMENT NOT NULL, "name" varchar, "description" varchar, "completed" date, "created_at" datetime NOT NULL, "updated_at" datetime NOT NULL) 
  [1m[36mSQL (0.2ms)[0m  [1mINSERT INTO "schema_migrations" ("version") VALUES (?)[0m  [["version", "20160928205345"]]
  [1m[35m (2.5ms)[0m  commit transaction
  [1m[36mActiveRecord::SchemaMigration Load (0.1ms)[0m  [1mSELECT "schema_migrations".* FROM "schema_migrations"[0m
  [1m[36m (0.1ms)[0m  [1mSELECT "schema_migrations"."version" FROM "schema_migrations"[0m
  [1m[36mActiveRecord::SchemaMigration Load (0.1ms)[0m  [1mSELECT "schema_migrations".* FROM "schema_migrations"[0m
Migrating to ChangeCompletedColumnName (20160928210351)
  [1m[35m (0.1ms)[0m  begin transaction
  [1m[36m (0.4ms)[0m  [1mCREATE TEMPORARY TABLE "atasks" ("id" INTEGER PRIMARY KEY AUTOINCREMENT NOT NULL, "name" varchar, "description" varchar, "completed" date, "created_at" datetime NOT NULL, "updated_at" datetime NOT NULL) [0m
  [1m[35m (0.1ms)[0m  SELECT * FROM "tasks"
  [1m[36m (2.7ms)[0m  [1mDROP TABLE "tasks"[0m
  [1m[35m (0.2ms)[0m  CREATE TABLE "tasks" ("id" INTEGER PRIMARY KEY AUTOINCREMENT NOT NULL, "name" varchar, "description" varchar, "completed" completed_at, "created_at" datetime NOT NULL, "updated_at" datetime NOT NULL) 
  [1m[36m (0.1ms)[0m  [1mSELECT * FROM "atasks"[0m
  [1m[35m (0.4ms)[0m  DROP TABLE "atasks"
  [1m[36mSQL (0.2ms)[0m  [1mINSERT INTO "schema_migrations" ("version") VALUES (?)[0m  [["version", "20160928210351"]]
  [1m[35m (2.4ms)[0m  commit transaction
  [1m[36mActiveRecord::SchemaMigration Load (0.1ms)[0m  [1mSELECT "schema_migrations".* FROM "schema_migrations"[0m
  [1m[36m (0.1ms)[0m  [1mSELECT "schema_migrations"."version" FROM "schema_migrations"[0m
  [1m[36mActiveRecord::SchemaMigration Load (0.1ms)[0m  [1mSELECT "schema_migrations".* FROM "schema_migrations"[0m
  [1m[35mActiveRecord::SchemaMigration Load (0.1ms)[0m  SELECT "schema_migrations".* FROM "schema_migrations"
  [1m[36mActiveRecord::SchemaMigration Load (0.1ms)[0m  [1mSELECT "schema_migrations".* FROM "schema_migrations"[0m
  [1m[35mActiveRecord::SchemaMigration Load (0.1ms)[0m  SELECT "schema_migrations".* FROM "schema_migrations"
  [1m[36m (0.1ms)[0m  [1mSELECT "schema_migrations"."version" FROM "schema_migrations"[0m
  [1m[36m (0.2ms)[0m  [1mbegin transaction[0m
  [1m[35mSQL (0.5ms)[0m  INSERT INTO "tasks" ("name", "description", "created_at", "updated_at") VALUES (?, ?, ?, ?)  [["name", "sweep"], ["description", "sweep the kitchen and then the bathroom"], ["created_at", "2016-09-28 21:12:28.110897"], ["updated_at", "2016-09-28 21:12:28.110897"]]
  [1m[36m (4.9ms)[0m  [1mcommit transaction[0m
  [1m[35m (0.1ms)[0m  begin transaction
  [1m[36mSQL (0.5ms)[0m  [1mINSERT INTO "tasks" ("name", "description", "completed", "created_at", "updated_at") VALUES (?, ?, ?, ?, ?)[0m  [["name", "cook"], ["description", "cook dinner for sunday night"], ["completed", "-4712-01-01 12:00:00.000000"], ["created_at", "2016-09-28 21:12:30.098837"], ["updated_at", "2016-09-28 21:12:30.098837"]]
  [1m[35m (2.5ms)[0m  commit transaction
  [1m[36mTask Load (3.0ms)[0m  [1mSELECT "tasks".* FROM "tasks"[0m
  [1m[35m (0.1ms)[0m  begin transaction
  [1m[36mSQL (0.6ms)[0m  [1mINSERT INTO "tasks" ("name", "description", "created_at", "updated_at") VALUES (?, ?, ?, ?)[0m  [["name", "exercise"], ["description", "do cardio for at least 30 minutes"], ["created_at", "2016-09-28 21:13:55.646467"], ["updated_at", "2016-09-28 21:13:55.646467"]]
  [1m[35m (2.8ms)[0m  commit transaction
  [1m[36m (0.1ms)[0m  [1mbegin transaction[0m
  [1m[35mSQL (1.5ms)[0m  INSERT INTO "tasks" ("name", "description", "created_at", "updated_at") VALUES (?, ?, ?, ?)  [["name", "walk the dog"], ["description", "walk Scruffy for at least 30 minutes"], ["created_at", "2016-09-28 21:14:40.985584"], ["updated_at", "2016-09-28 21:14:40.985584"]]
  [1m[36m (2.5ms)[0m  [1mcommit transaction[0m
  [1m[35m (0.1ms)[0m  begin transaction
  [1m[36mSQL (0.5ms)[0m  [1mINSERT INTO "tasks" ("name", "description", "created_at", "updated_at") VALUES (?, ?, ?, ?)[0m  [["name", "Homework"], ["description", "Do all of your homework for the night"], ["created_at", "2016-09-28 21:15:40.026356"], ["updated_at", "2016-09-28 21:15:40.026356"]]
  [1m[35m (6.9ms)[0m  commit transaction
  [1m[36m (0.1ms)[0m  [1mbegin transaction[0m
  [1m[35mSQL (0.6ms)[0m  INSERT INTO "tasks" ("name", "description", "completed", "created_at", "updated_at") VALUES (?, ?, ?, ?, ?)  [["name", "laundry"], ["description", "do at least one load of laundry"], ["completed", "-4712-01-01"], ["created_at", "2016-09-28 21:19:55.588874"], ["updated_at", "2016-09-28 21:19:55.588874"]]
  [1m[36m (5.3ms)[0m  [1mcommit transaction[0m
  [1m[36m (0.1ms)[0m  [1mSELECT "schema_migrations"."version" FROM "schema_migrations"[0m
  [1m[36mActiveRecord::SchemaMigration Load (0.1ms)[0m  [1mSELECT "schema_migrations".* FROM "schema_migrations"[0m
  [1m[35mActiveRecord::SchemaMigration Load (0.1ms)[0m  SELECT "schema_migrations".* FROM "schema_migrations"
  [1m[36mTask Load (1.9ms)[0m  [1mSELECT "tasks".* FROM "tasks"[0m
